<?xml version="1.0" encoding="UTF-8"?>
<!-- Generated by org.testng.reporters.JUnitXMLReporter -->
<testsuite ignored="0" hostname="My-Desktop" failures="1" tests="6" name="Chrome" time="60.566" errors="0" timestamp="2025-06-15T16:56:54 IST">
  <testcase classname="com.TestNG.SauseDemoCrossBrowsing" name="login" time="6.451"/>
  <testcase classname="com.TestNG.SauseDemoCrossBrowsing" name="login" time="4.257">
    <failure type="java.lang.AssertionError" message="expected [https://www.saucedemo.com/inventory.html] but found [https://www.saucedemo.com/]">
      <![CDATA[java.lang.AssertionError: expected [https://www.saucedemo.com/inventory.html] but found [https://www.saucedemo.com/]
at com.TestNG.SauseDemoCrossBrowsing.login(SauseDemoCrossBrowsing.java:51)
at java.base/java.util.ArrayList.forEach(ArrayList.java:1597)
... Removed 31 stack frames]]>
    </failure>
  </testcase> <!-- login -->
  <testcase classname="com.TestNG.SauseDemoCrossBrowsing" name="login" time="6.225"/>
  <testcase classname="com.TestNG.SauseDemoCrossBrowsing" name="login" time="11.203"/>
  <testcase classname="com.TestNG.SauseDemoCrossBrowsing" name="login" time="6.173"/>
  <testcase classname="com.TestNG.SauseDemoCrossBrowsing" name="login" time="6.197"/>
</testsuite> <!-- Chrome -->
