<?xml version="1.0" encoding="UTF-8"?>
<!-- Generated by org.testng.reporters.JUnitXMLReporter -->
<testsuite ignored="0" hostname="DESKTOP-I02S71M" failures="0" tests="3" name="ChromeBrowser" time="28.039" errors="0" timestamp="2025-05-25T16:13:49 IST">
  <testcase classname="com.TestNG.Cross_browsing" name="search" time="6.592"/>
  <testcase classname="com.TestNG.Cross_browsing" name="search" time="7.664"/>
  <testcase classname="com.TestNG.Cross_browsing" name="search" time="6.215"/>
</testsuite> <!-- ChromeBrowser -->
