<?xml version="1.0" encoding="UTF-8"?>
<!-- Generated by org.testng.reporters.JUnitXMLReporter -->
<testsuite ignored="0" hostname="My-Desktop" failures="1" tests="6" name="Firefox" time="97.756" errors="0" timestamp="2025-06-15T16:55:53 IST">
  <testcase classname="com.TestNG.SauseDemoCrossBrowsing" name="login" time="6.75"/>
  <testcase classname="com.TestNG.SauseDemoCrossBrowsing" name="login" time="4.306">
    <failure type="java.lang.AssertionError" message="expected [https://www.saucedemo.com/inventory.html] but found [https://www.saucedemo.com/]">
      <![CDATA[java.lang.AssertionError: expected [https://www.saucedemo.com/inventory.html] but found [https://www.saucedemo.com/]
at com.TestNG.SauseDemoCrossBrowsing.login(SauseDemoCrossBrowsing.java:51)
at java.base/java.util.ArrayList.forEach(ArrayList.java:1597)
... Removed 31 stack frames]]>
    </failure>
  </testcase> <!-- login -->
  <testcase classname="com.TestNG.SauseDemoCrossBrowsing" name="login" time="6.318"/>
  <testcase classname="com.TestNG.SauseDemoCrossBrowsing" name="login" time="11.324"/>
  <testcase classname="com.TestNG.SauseDemoCrossBrowsing" name="login" time="6.334"/>
  <testcase classname="com.TestNG.SauseDemoCrossBrowsing" name="login" time="6.326"/>
</testsuite> <!-- Firefox -->
