<?xml version="1.0" encoding="UTF-8"?>
<!-- Generated by org.testng.reporters.JUnitXMLReporter -->
<testsuite ignored="0" hostname="DESKTOP-I02S71M" failures="0" tests="3" name="Firefoxbrowser" time="22.04" errors="0" timestamp="2025-05-25T16:13:20 IST">
  <testcase classname="com.TestNG.Cross_browsing" name="search" time="5.357"/>
  <testcase classname="com.TestNG.Cross_browsing" name="search" time="5.258"/>
  <testcase classname="com.TestNG.Cross_browsing" name="search" time="5.273"/>
</testsuite> <!-- Firefoxbrowser -->
