<?xml version="1.0" encoding="UTF-8"?>
<!-- Generated by org.testng.reporters.JUnitXMLReporter -->
<testsuite ignored="0" hostname="My-Desktop" failures="1" tests="6" name="Firefox" time="62.004" errors="0" timestamp="2025-06-15T17:02:55 IST">
  <testcase classname="com.TestNG.SauseDemoCrossBrowsing" name="login" time="6.642"/>
  <testcase classname="com.TestNG.SauseDemoCrossBrowsing" name="login" time="4.314">
    <failure type="java.lang.AssertionError" message="expected [https://www.saucedemo.com/inventory.html] but found [https://www.saucedemo.com/]">
      <![CDATA[java.lang.AssertionError: expected [https://www.saucedemo.com/inventory.html] but found [https://www.saucedemo.com/]
at com.TestNG.SauseDemoCrossBrowsing.login(SauseDemoCrossBrowsing.java:51)
at java.base/java.util.ArrayList.forEach(ArrayList.java:1597)
... Removed 35 stack frames]]>
    </failure>
  </testcase> <!-- login -->
  <testcase classname="com.TestNG.SauseDemoCrossBrowsing" name="login" time="6.33"/>
  <testcase classname="com.TestNG.SauseDemoCrossBrowsing" name="login" time="11.327"/>
  <testcase classname="com.TestNG.SauseDemoCrossBrowsing" name="login" time="6.318"/>
  <testcase classname="com.TestNG.SauseDemoCrossBrowsing" name="login" time="6.301"/>
</testsuite> <!-- Firefox -->
