<?xml version="1.0" encoding="UTF-8"?>
<testng-results ignored="0" total="12" passed="10" failed="2" skipped="0">
  <reporter-output>
  </reporter-output>
  <suite started-at="2025-06-15T16:54:16 IST" name="Suite" finished-at="2025-06-15T16:56:54 IST" duration-ms="158383">
    <groups>
    </groups>
    <test started-at="2025-06-15T16:54:16 IST" name="Firefox" finished-at="2025-06-15T16:55:53 IST" duration-ms="97756">
      <class name="com.TestNG.SauseDemoCrossBrowsing">
        <test-method is-config="true" signature="launchchrome(java.lang.String)[pri:0, instance:com.TestNG.SauseDemoCrossBrowsing@10d68fcd]" started-at="2025-06-15T16:54:16 IST" name="launchchrome" finished-at="2025-06-15T16:54:55 IST" duration-ms="39441" status="PASS">
          <params>
            <param index="0">
              <value>
                <![CDATA[firefox]]>
              </value>
            </param>
          </params>
          <reporter-output>
          </reporter-output>
        </test-method> <!-- launchchrome -->
        <test-method is-config="true" signature="oepnsite()[pri:0, instance:com.TestNG.SauseDemoCrossBrowsing@10d68fcd]" started-at="2025-06-15T16:54:55 IST" name="oepnsite" finished-at="2025-06-15T16:54:56 IST" duration-ms="1156" status="PASS">
          <reporter-output>
          </reporter-output>
        </test-method> <!-- oepnsite -->
        <test-method signature="login(java.lang.String,java.lang.String)[pri:0, instance:com.TestNG.SauseDemoCrossBrowsing@10d68fcd]" started-at="2025-06-15T16:54:56 IST" name="login" data-provider="sauseDemoLogin" finished-at="2025-06-15T16:55:03 IST" duration-ms="6750" status="PASS">
          <params>
            <param index="0">
              <value>
                <![CDATA[standard_user]]>
              </value>
            </param>
            <param index="1">
              <value>
                <![CDATA[secret_sauce]]>
              </value>
            </param>
          </params>
          <reporter-output>
          </reporter-output>
        </test-method> <!-- login -->
        <test-method is-config="true" signature="logout()[pri:0, instance:com.TestNG.SauseDemoCrossBrowsing@10d68fcd]" started-at="2025-06-15T16:55:03 IST" name="logout" finished-at="2025-06-15T16:55:06 IST" duration-ms="2483" status="PASS">
          <reporter-output>
          </reporter-output>
        </test-method> <!-- logout -->
        <test-method is-config="true" signature="oepnsite()[pri:0, instance:com.TestNG.SauseDemoCrossBrowsing@10d68fcd]" started-at="2025-06-15T16:55:06 IST" name="oepnsite" finished-at="2025-06-15T16:55:06 IST" duration-ms="119" status="PASS">
          <reporter-output>
          </reporter-output>
        </test-method> <!-- oepnsite -->
        <test-method signature="login(java.lang.String,java.lang.String)[pri:0, instance:com.TestNG.SauseDemoCrossBrowsing@10d68fcd]" started-at="2025-06-15T16:55:06 IST" name="login" data-provider="sauseDemoLogin" finished-at="2025-06-15T16:55:10 IST" duration-ms="4306" status="FAIL">
          <params>
            <param index="0">
              <value>
                <![CDATA[locked_out_user]]>
              </value>
            </param>
            <param index="1">
              <value>
                <![CDATA[secret_sauce]]>
              </value>
            </param>
          </params>
          <exception class="java.lang.AssertionError">
            <message>
              <![CDATA[expected [https://www.saucedemo.com/inventory.html] but found [https://www.saucedemo.com/]]]>
            </message>
            <full-stacktrace>
              <![CDATA[java.lang.AssertionError: expected [https://www.saucedemo.com/inventory.html] but found [https://www.saucedemo.com/]
at org.testng.Assert.fail(Assert.java:111)
at org.testng.Assert.failNotEquals(Assert.java:1590)
at org.testng.Assert.assertEqualsImpl(Assert.java:150)
at org.testng.Assert.assertEquals(Assert.java:132)
at org.testng.Assert.assertEquals(Assert.java:656)
at org.testng.Assert.assertEquals(Assert.java:666)
at com.TestNG.SauseDemoCrossBrowsing.login(SauseDemoCrossBrowsing.java:51)
at java.base/jdk.internal.reflect.DirectMethodHandleAccessor.invoke(DirectMethodHandleAccessor.java:103)
at java.base/java.lang.reflect.Method.invoke(Method.java:580)
at org.testng.internal.invokers.MethodInvocationHelper.invokeMethod(MethodInvocationHelper.java:141)
at org.testng.internal.invokers.TestInvoker.invokeMethod(TestInvoker.java:687)
at org.testng.internal.invokers.TestInvoker.invokeTestMethod(TestInvoker.java:230)
at org.testng.internal.invokers.MethodRunner.runInSequence(MethodRunner.java:63)
at org.testng.internal.invokers.TestInvoker$MethodInvocationAgent.invoke(TestInvoker.java:995)
at org.testng.internal.invokers.TestInvoker.invokeTestMethods(TestInvoker.java:203)
at org.testng.internal.invokers.TestMethodWorker.invokeTestMethods(TestMethodWorker.java:154)
at org.testng.internal.invokers.TestMethodWorker.run(TestMethodWorker.java:134)
at java.base/java.util.ArrayList.forEach(ArrayList.java:1597)
at org.testng.TestRunner.privateRun(TestRunner.java:741)
at org.testng.TestRunner.run(TestRunner.java:616)
at org.testng.SuiteRunner.runTest(SuiteRunner.java:421)
at org.testng.SuiteRunner.runSequentially(SuiteRunner.java:413)
at org.testng.SuiteRunner.privateRun(SuiteRunner.java:373)
at org.testng.SuiteRunner.run(SuiteRunner.java:312)
at org.testng.SuiteRunnerWorker.runSuite(SuiteRunnerWorker.java:52)
at org.testng.SuiteRunnerWorker.run(SuiteRunnerWorker.java:95)
at org.testng.TestNG.runSuitesSequentially(TestNG.java:1274)
at org.testng.TestNG.runSuitesLocally(TestNG.java:1208)
at org.testng.TestNG.runSuites(TestNG.java:1112)
at org.testng.TestNG.run(TestNG.java:1079)
at org.testng.remote.AbstractRemoteTestNG.run(AbstractRemoteTestNG.java:115)
at org.testng.remote.RemoteTestNG.initAndRun(RemoteTestNG.java:293)
at org.testng.remote.RemoteTestNG.main(RemoteTestNG.java:91)
]]>
            </full-stacktrace>
          </exception> <!-- java.lang.AssertionError -->
          <reporter-output>
          </reporter-output>
        </test-method> <!-- login -->
        <test-method is-config="true" signature="logout()[pri:0, instance:com.TestNG.SauseDemoCrossBrowsing@10d68fcd]" started-at="2025-06-15T16:55:10 IST" name="logout" finished-at="2025-06-15T16:55:12 IST" duration-ms="2020" status="PASS">
          <reporter-output>
          </reporter-output>
        </test-method> <!-- logout -->
        <test-method is-config="true" signature="oepnsite()[pri:0, instance:com.TestNG.SauseDemoCrossBrowsing@10d68fcd]" started-at="2025-06-15T16:55:12 IST" name="oepnsite" finished-at="2025-06-15T16:55:12 IST" duration-ms="99" status="PASS">
          <reporter-output>
          </reporter-output>
        </test-method> <!-- oepnsite -->
        <test-method signature="login(java.lang.String,java.lang.String)[pri:0, instance:com.TestNG.SauseDemoCrossBrowsing@10d68fcd]" started-at="2025-06-15T16:55:12 IST" name="login" data-provider="sauseDemoLogin" finished-at="2025-06-15T16:55:18 IST" duration-ms="6318" status="PASS">
          <params>
            <param index="0">
              <value>
                <![CDATA[problem_user]]>
              </value>
            </param>
            <param index="1">
              <value>
                <![CDATA[secret_sauce]]>
              </value>
            </param>
          </params>
          <reporter-output>
          </reporter-output>
        </test-method> <!-- login -->
        <test-method is-config="true" signature="logout()[pri:0, instance:com.TestNG.SauseDemoCrossBrowsing@10d68fcd]" started-at="2025-06-15T16:55:18 IST" name="logout" finished-at="2025-06-15T16:55:21 IST" duration-ms="2467" status="PASS">
          <reporter-output>
          </reporter-output>
        </test-method> <!-- logout -->
        <test-method is-config="true" signature="oepnsite()[pri:0, instance:com.TestNG.SauseDemoCrossBrowsing@10d68fcd]" started-at="2025-06-15T16:55:21 IST" name="oepnsite" finished-at="2025-06-15T16:55:21 IST" duration-ms="96" status="PASS">
          <reporter-output>
          </reporter-output>
        </test-method> <!-- oepnsite -->
        <test-method signature="login(java.lang.String,java.lang.String)[pri:0, instance:com.TestNG.SauseDemoCrossBrowsing@10d68fcd]" started-at="2025-06-15T16:55:21 IST" name="login" data-provider="sauseDemoLogin" finished-at="2025-06-15T16:55:32 IST" duration-ms="11324" status="PASS">
          <params>
            <param index="0">
              <value>
                <![CDATA[performance_glitch_user]]>
              </value>
            </param>
            <param index="1">
              <value>
                <![CDATA[secret_sauce]]>
              </value>
            </param>
          </params>
          <reporter-output>
          </reporter-output>
        </test-method> <!-- login -->
        <test-method is-config="true" signature="logout()[pri:0, instance:com.TestNG.SauseDemoCrossBrowsing@10d68fcd]" started-at="2025-06-15T16:55:32 IST" name="logout" finished-at="2025-06-15T16:55:35 IST" duration-ms="2454" status="PASS">
          <reporter-output>
          </reporter-output>
        </test-method> <!-- logout -->
        <test-method is-config="true" signature="oepnsite()[pri:0, instance:com.TestNG.SauseDemoCrossBrowsing@10d68fcd]" started-at="2025-06-15T16:55:35 IST" name="oepnsite" finished-at="2025-06-15T16:55:35 IST" duration-ms="118" status="PASS">
          <reporter-output>
          </reporter-output>
        </test-method> <!-- oepnsite -->
        <test-method signature="login(java.lang.String,java.lang.String)[pri:0, instance:com.TestNG.SauseDemoCrossBrowsing@10d68fcd]" started-at="2025-06-15T16:55:35 IST" name="login" data-provider="sauseDemoLogin" finished-at="2025-06-15T16:55:41 IST" duration-ms="6334" status="PASS">
          <params>
            <param index="0">
              <value>
                <![CDATA[error_user]]>
              </value>
            </param>
            <param index="1">
              <value>
                <![CDATA[secret_sauce]]>
              </value>
            </param>
          </params>
          <reporter-output>
          </reporter-output>
        </test-method> <!-- login -->
        <test-method is-config="true" signature="logout()[pri:0, instance:com.TestNG.SauseDemoCrossBrowsing@10d68fcd]" started-at="2025-06-15T16:55:41 IST" name="logout" finished-at="2025-06-15T16:55:44 IST" duration-ms="2470" status="PASS">
          <reporter-output>
          </reporter-output>
        </test-method> <!-- logout -->
        <test-method is-config="true" signature="oepnsite()[pri:0, instance:com.TestNG.SauseDemoCrossBrowsing@10d68fcd]" started-at="2025-06-15T16:55:44 IST" name="oepnsite" finished-at="2025-06-15T16:55:44 IST" duration-ms="98" status="PASS">
          <reporter-output>
          </reporter-output>
        </test-method> <!-- oepnsite -->
        <test-method signature="login(java.lang.String,java.lang.String)[pri:0, instance:com.TestNG.SauseDemoCrossBrowsing@10d68fcd]" started-at="2025-06-15T16:55:44 IST" name="login" data-provider="sauseDemoLogin" finished-at="2025-06-15T16:55:50 IST" duration-ms="6326" status="PASS">
          <params>
            <param index="0">
              <value>
                <![CDATA[visual_user]]>
              </value>
            </param>
            <param index="1">
              <value>
                <![CDATA[secret_sauce]]>
              </value>
            </param>
          </params>
          <reporter-output>
          </reporter-output>
        </test-method> <!-- login -->
        <test-method is-config="true" signature="logout()[pri:0, instance:com.TestNG.SauseDemoCrossBrowsing@10d68fcd]" started-at="2025-06-15T16:55:50 IST" name="logout" finished-at="2025-06-15T16:55:53 IST" duration-ms="2639" status="PASS">
          <reporter-output>
          </reporter-output>
        </test-method> <!-- logout -->
        <test-method is-config="true" signature="quit()[pri:0, instance:com.TestNG.SauseDemoCrossBrowsing@10d68fcd]" started-at="2025-06-15T16:55:53 IST" name="quit" finished-at="2025-06-15T16:55:53 IST" duration-ms="680" status="PASS">
          <reporter-output>
          </reporter-output>
        </test-method> <!-- quit -->
      </class> <!-- com.TestNG.SauseDemoCrossBrowsing -->
    </test> <!-- Firefox -->
    <test started-at="2025-06-15T16:55:54 IST" name="Chrome" finished-at="2025-06-15T16:56:54 IST" duration-ms="60566">
      <class name="com.TestNG.SauseDemoCrossBrowsing">
        <test-method is-config="true" signature="launchchrome(java.lang.String)[pri:0, instance:com.TestNG.SauseDemoCrossBrowsing@5f16132a]" started-at="2025-06-15T16:55:54 IST" name="launchchrome" finished-at="2025-06-15T16:55:59 IST" duration-ms="5368" status="PASS">
          <params>
            <param index="0">
              <value>
                <![CDATA[chrome]]>
              </value>
            </param>
          </params>
          <reporter-output>
          </reporter-output>
        </test-method> <!-- launchchrome -->
        <test-method is-config="true" signature="oepnsite()[pri:0, instance:com.TestNG.SauseDemoCrossBrowsing@5f16132a]" started-at="2025-06-15T16:55:59 IST" name="oepnsite" finished-at="2025-06-15T16:55:59 IST" duration-ms="496" status="PASS">
          <reporter-output>
          </reporter-output>
        </test-method> <!-- oepnsite -->
        <test-method signature="login(java.lang.String,java.lang.String)[pri:0, instance:com.TestNG.SauseDemoCrossBrowsing@5f16132a]" started-at="2025-06-15T16:55:59 IST" name="login" data-provider="sauseDemoLogin" finished-at="2025-06-15T16:56:06 IST" duration-ms="6451" status="PASS">
          <params>
            <param index="0">
              <value>
                <![CDATA[standard_user]]>
              </value>
            </param>
            <param index="1">
              <value>
                <![CDATA[secret_sauce]]>
              </value>
            </param>
          </params>
          <reporter-output>
          </reporter-output>
        </test-method> <!-- login -->
        <test-method is-config="true" signature="logout()[pri:0, instance:com.TestNG.SauseDemoCrossBrowsing@5f16132a]" started-at="2025-06-15T16:56:06 IST" name="logout" finished-at="2025-06-15T16:56:08 IST" duration-ms="2123" status="PASS">
          <reporter-output>
          </reporter-output>
        </test-method> <!-- logout -->
        <test-method is-config="true" signature="oepnsite()[pri:0, instance:com.TestNG.SauseDemoCrossBrowsing@5f16132a]" started-at="2025-06-15T16:56:08 IST" name="oepnsite" finished-at="2025-06-15T16:56:08 IST" duration-ms="87" status="PASS">
          <reporter-output>
          </reporter-output>
        </test-method> <!-- oepnsite -->
        <test-method signature="login(java.lang.String,java.lang.String)[pri:0, instance:com.TestNG.SauseDemoCrossBrowsing@5f16132a]" started-at="2025-06-15T16:56:08 IST" name="login" data-provider="sauseDemoLogin" finished-at="2025-06-15T16:56:12 IST" duration-ms="4257" status="FAIL">
          <params>
            <param index="0">
              <value>
                <![CDATA[locked_out_user]]>
              </value>
            </param>
            <param index="1">
              <value>
                <![CDATA[secret_sauce]]>
              </value>
            </param>
          </params>
          <exception class="java.lang.AssertionError">
            <message>
              <![CDATA[expected [https://www.saucedemo.com/inventory.html] but found [https://www.saucedemo.com/]]]>
            </message>
            <full-stacktrace>
              <![CDATA[java.lang.AssertionError: expected [https://www.saucedemo.com/inventory.html] but found [https://www.saucedemo.com/]
at org.testng.Assert.fail(Assert.java:111)
at org.testng.Assert.failNotEquals(Assert.java:1590)
at org.testng.Assert.assertEqualsImpl(Assert.java:150)
at org.testng.Assert.assertEquals(Assert.java:132)
at org.testng.Assert.assertEquals(Assert.java:656)
at org.testng.Assert.assertEquals(Assert.java:666)
at com.TestNG.SauseDemoCrossBrowsing.login(SauseDemoCrossBrowsing.java:51)
at java.base/jdk.internal.reflect.DirectMethodHandleAccessor.invoke(DirectMethodHandleAccessor.java:103)
at java.base/java.lang.reflect.Method.invoke(Method.java:580)
at org.testng.internal.invokers.MethodInvocationHelper.invokeMethod(MethodInvocationHelper.java:141)
at org.testng.internal.invokers.TestInvoker.invokeMethod(TestInvoker.java:687)
at org.testng.internal.invokers.TestInvoker.invokeTestMethod(TestInvoker.java:230)
at org.testng.internal.invokers.MethodRunner.runInSequence(MethodRunner.java:63)
at org.testng.internal.invokers.TestInvoker$MethodInvocationAgent.invoke(TestInvoker.java:995)
at org.testng.internal.invokers.TestInvoker.invokeTestMethods(TestInvoker.java:203)
at org.testng.internal.invokers.TestMethodWorker.invokeTestMethods(TestMethodWorker.java:154)
at org.testng.internal.invokers.TestMethodWorker.run(TestMethodWorker.java:134)
at java.base/java.util.ArrayList.forEach(ArrayList.java:1597)
at org.testng.TestRunner.privateRun(TestRunner.java:741)
at org.testng.TestRunner.run(TestRunner.java:616)
at org.testng.SuiteRunner.runTest(SuiteRunner.java:421)
at org.testng.SuiteRunner.runSequentially(SuiteRunner.java:413)
at org.testng.SuiteRunner.privateRun(SuiteRunner.java:373)
at org.testng.SuiteRunner.run(SuiteRunner.java:312)
at org.testng.SuiteRunnerWorker.runSuite(SuiteRunnerWorker.java:52)
at org.testng.SuiteRunnerWorker.run(SuiteRunnerWorker.java:95)
at org.testng.TestNG.runSuitesSequentially(TestNG.java:1274)
at org.testng.TestNG.runSuitesLocally(TestNG.java:1208)
at org.testng.TestNG.runSuites(TestNG.java:1112)
at org.testng.TestNG.run(TestNG.java:1079)
at org.testng.remote.AbstractRemoteTestNG.run(AbstractRemoteTestNG.java:115)
at org.testng.remote.RemoteTestNG.initAndRun(RemoteTestNG.java:293)
at org.testng.remote.RemoteTestNG.main(RemoteTestNG.java:91)
]]>
            </full-stacktrace>
          </exception> <!-- java.lang.AssertionError -->
          <reporter-output>
          </reporter-output>
        </test-method> <!-- login -->
        <test-method is-config="true" signature="logout()[pri:0, instance:com.TestNG.SauseDemoCrossBrowsing@5f16132a]" started-at="2025-06-15T16:56:12 IST" name="logout" finished-at="2025-06-15T16:56:14 IST" duration-ms="2014" status="PASS">
          <reporter-output>
          </reporter-output>
        </test-method> <!-- logout -->
        <test-method is-config="true" signature="oepnsite()[pri:0, instance:com.TestNG.SauseDemoCrossBrowsing@5f16132a]" started-at="2025-06-15T16:56:14 IST" name="oepnsite" finished-at="2025-06-15T16:56:14 IST" duration-ms="68" status="PASS">
          <reporter-output>
          </reporter-output>
        </test-method> <!-- oepnsite -->
        <test-method signature="login(java.lang.String,java.lang.String)[pri:0, instance:com.TestNG.SauseDemoCrossBrowsing@5f16132a]" started-at="2025-06-15T16:56:14 IST" name="login" data-provider="sauseDemoLogin" finished-at="2025-06-15T16:56:21 IST" duration-ms="6225" status="PASS">
          <params>
            <param index="0">
              <value>
                <![CDATA[problem_user]]>
              </value>
            </param>
            <param index="1">
              <value>
                <![CDATA[secret_sauce]]>
              </value>
            </param>
          </params>
          <reporter-output>
          </reporter-output>
        </test-method> <!-- login -->
        <test-method is-config="true" signature="logout()[pri:0, instance:com.TestNG.SauseDemoCrossBrowsing@5f16132a]" started-at="2025-06-15T16:56:21 IST" name="logout" finished-at="2025-06-15T16:56:23 IST" duration-ms="2095" status="PASS">
          <reporter-output>
          </reporter-output>
        </test-method> <!-- logout -->
        <test-method is-config="true" signature="oepnsite()[pri:0, instance:com.TestNG.SauseDemoCrossBrowsing@5f16132a]" started-at="2025-06-15T16:56:23 IST" name="oepnsite" finished-at="2025-06-15T16:56:23 IST" duration-ms="55" status="PASS">
          <reporter-output>
          </reporter-output>
        </test-method> <!-- oepnsite -->
        <test-method signature="login(java.lang.String,java.lang.String)[pri:0, instance:com.TestNG.SauseDemoCrossBrowsing@5f16132a]" started-at="2025-06-15T16:56:23 IST" name="login" data-provider="sauseDemoLogin" finished-at="2025-06-15T16:56:34 IST" duration-ms="11203" status="PASS">
          <params>
            <param index="0">
              <value>
                <![CDATA[performance_glitch_user]]>
              </value>
            </param>
            <param index="1">
              <value>
                <![CDATA[secret_sauce]]>
              </value>
            </param>
          </params>
          <reporter-output>
          </reporter-output>
        </test-method> <!-- login -->
        <test-method is-config="true" signature="logout()[pri:0, instance:com.TestNG.SauseDemoCrossBrowsing@5f16132a]" started-at="2025-06-15T16:56:34 IST" name="logout" finished-at="2025-06-15T16:56:36 IST" duration-ms="2111" status="PASS">
          <reporter-output>
          </reporter-output>
        </test-method> <!-- logout -->
        <test-method is-config="true" signature="oepnsite()[pri:0, instance:com.TestNG.SauseDemoCrossBrowsing@5f16132a]" started-at="2025-06-15T16:56:36 IST" name="oepnsite" finished-at="2025-06-15T16:56:36 IST" duration-ms="55" status="PASS">
          <reporter-output>
          </reporter-output>
        </test-method> <!-- oepnsite -->
        <test-method signature="login(java.lang.String,java.lang.String)[pri:0, instance:com.TestNG.SauseDemoCrossBrowsing@5f16132a]" started-at="2025-06-15T16:56:36 IST" name="login" data-provider="sauseDemoLogin" finished-at="2025-06-15T16:56:42 IST" duration-ms="6173" status="PASS">
          <params>
            <param index="0">
              <value>
                <![CDATA[error_user]]>
              </value>
            </param>
            <param index="1">
              <value>
                <![CDATA[secret_sauce]]>
              </value>
            </param>
          </params>
          <reporter-output>
          </reporter-output>
        </test-method> <!-- login -->
        <test-method is-config="true" signature="logout()[pri:0, instance:com.TestNG.SauseDemoCrossBrowsing@5f16132a]" started-at="2025-06-15T16:56:42 IST" name="logout" finished-at="2025-06-15T16:56:44 IST" duration-ms="2111" status="PASS">
          <reporter-output>
          </reporter-output>
        </test-method> <!-- logout -->
        <test-method is-config="true" signature="oepnsite()[pri:0, instance:com.TestNG.SauseDemoCrossBrowsing@5f16132a]" started-at="2025-06-15T16:56:44 IST" name="oepnsite" finished-at="2025-06-15T16:56:44 IST" duration-ms="56" status="PASS">
          <reporter-output>
          </reporter-output>
        </test-method> <!-- oepnsite -->
        <test-method signature="login(java.lang.String,java.lang.String)[pri:0, instance:com.TestNG.SauseDemoCrossBrowsing@5f16132a]" started-at="2025-06-15T16:56:44 IST" name="login" data-provider="sauseDemoLogin" finished-at="2025-06-15T16:56:51 IST" duration-ms="6197" status="PASS">
          <params>
            <param index="0">
              <value>
                <![CDATA[visual_user]]>
              </value>
            </param>
            <param index="1">
              <value>
                <![CDATA[secret_sauce]]>
              </value>
            </param>
          </params>
          <reporter-output>
          </reporter-output>
        </test-method> <!-- login -->
        <test-method is-config="true" signature="logout()[pri:0, instance:com.TestNG.SauseDemoCrossBrowsing@5f16132a]" started-at="2025-06-15T16:56:51 IST" name="logout" finished-at="2025-06-15T16:56:53 IST" duration-ms="2105" status="PASS">
          <reporter-output>
          </reporter-output>
        </test-method> <!-- logout -->
        <test-method is-config="true" signature="quit()[pri:0, instance:com.TestNG.SauseDemoCrossBrowsing@5f16132a]" started-at="2025-06-15T16:56:53 IST" name="quit" finished-at="2025-06-15T16:56:54 IST" duration-ms="1298" status="PASS">
          <reporter-output>
          </reporter-output>
        </test-method> <!-- quit -->
      </class> <!-- com.TestNG.SauseDemoCrossBrowsing -->
    </test> <!-- Chrome -->
  </suite> <!-- Suite -->
</testng-results>
